0    [main] DEBUG factors.PrintFactors  - Sample debug message
1    [main] INFO  factors.PrintFactors  - Sample info message
1    [main] WARN  factors.PrintFactors  - Sample warn message
1    [main] ERROR factors.PrintFactors  - Sample error message
1    [main] FATAL factors.PrintFactors  - Sample fatal message
0    [main] DEBUG factors.PrintFactors  - Sample debug message
2    [main] INFO  factors.PrintFactors  - Sample info message
2    [main] WARN  factors.PrintFactors  - Sample warn message
2    [main] ERROR factors.PrintFactors  - Sample error message
2    [main] FATAL factors.PrintFactors  - Sample fatal message
0    [main] DEBUG factors.PrintFactors  - Sample debug message
2    [main] INFO  factors.PrintFactors  - Sample info message
2    [main] WARN  factors.PrintFactors  - Sample warn message
2    [main] ERROR factors.PrintFactors  - Sample error message
2    [main] FATAL factors.PrintFactors  - Sample fatal message
0    [main] DEBUG factors.PrintFactors  - Sample debug message
2    [main] INFO  factors.PrintFactors  - Sample info message
2    [main] WARN  factors.PrintFactors  - Sample warn message
2    [main] ERROR factors.PrintFactors  - Sample error message
2    [main] FATAL factors.PrintFactors  - Sample fatal message
0    [main] DEBUG factors.PrintFactors  - Sample debug message
1    [main] INFO  factors.PrintFactors  - Sample info message
1    [main] WARN  factors.PrintFactors  - Sample warn message
1    [main] ERROR factors.PrintFactors  - Sample error message
2    [main] FATAL factors.PrintFactors  - Sample fatal message
0    [main] DEBUG factors.PrintFactors  - Sample debug message
1    [main] INFO  factors.PrintFactors  - Sample info message
1    [main] WARN  factors.PrintFactors  - Sample warn message
1    [main] ERROR factors.PrintFactors  - Sample error message
2    [main] FATAL factors.PrintFactors  - Sample fatal message
0    [main] DEBUG factors.PrintFactors  - Sample debug message
2    [main] INFO  factors.PrintFactors  - Sample info message
2    [main] WARN  factors.PrintFactors  - Sample warn message
2    [main] ERROR factors.PrintFactors  - Sample error message
2    [main] FATAL factors.PrintFactors  - Sample fatal message
0    [main] DEBUG factors.PrintFactors  - Sample debug message
1    [main] INFO  factors.PrintFactors  - Sample info message
1    [main] WARN  factors.PrintFactors  - Sample warn message
1    [main] ERROR factors.PrintFactors  - Sample error message
2    [main] FATAL factors.PrintFactors  - Sample fatal message
0    [main] DEBUG factors.PrintFactors  - Sample debug message
1    [main] INFO  factors.PrintFactors  - Sample info message
2    [main] WARN  factors.PrintFactors  - Sample warn message
2    [main] ERROR factors.PrintFactors  - Sample error message
2    [main] FATAL factors.PrintFactors  - Sample fatal message
0    [main] DEBUG factors.PrintFactors  - Sample debug message
1    [main] INFO  factors.PrintFactors  - Sample info message
2    [main] WARN  factors.PrintFactors  - Sample warn message
2    [main] ERROR factors.PrintFactors  - Sample error message
2    [main] FATAL factors.PrintFactors  - Sample fatal message
0    [main] DEBUG factors.PrintFactors  - Sample debug message
1    [main] INFO  factors.PrintFactors  - Sample info message
2    [main] WARN  factors.PrintFactors  - Sample warn message
2    [main] ERROR factors.PrintFactors  - Sample error message
2    [main] FATAL factors.PrintFactors  - Sample fatal message
0    [main] DEBUG factors.PrintFactors  - Sample debug message
5    [main] INFO  factors.PrintFactors  - Sample info message
5    [main] WARN  factors.PrintFactors  - Sample warn message
6    [main] ERROR factors.PrintFactors  - Sample error message
6    [main] FATAL factors.PrintFactors  - Sample fatal message
0    [main] DEBUG factors.PrintFactors  - Sample debug message
4    [main] INFO  factors.PrintFactors  - Sample info message
5    [main] WARN  factors.PrintFactors  - Sample warn message
5    [main] ERROR factors.PrintFactors  - Sample error message
5    [main] FATAL factors.PrintFactors  - Sample fatal message
0    [main] DEBUG factors.PrintFactors  - Sample debug message
4    [main] INFO  factors.PrintFactors  - Sample info message
5    [main] WARN  factors.PrintFactors  - Sample warn message
5    [main] ERROR factors.PrintFactors  - Sample error message
5    [main] FATAL factors.PrintFactors  - Sample fatal message
0    [main] DEBUG factors.PrintFactors  - Sample debug message
4    [main] INFO  factors.PrintFactors  - Sample info message
5    [main] WARN  factors.PrintFactors  - Sample warn message
6    [main] ERROR factors.PrintFactors  - Sample error message
6    [main] FATAL factors.PrintFactors  - Sample fatal message
0    [main] DEBUG factors.PrintFactors  - Sample debug message
4    [main] INFO  factors.PrintFactors  - Sample info message
5    [main] WARN  factors.PrintFactors  - Sample warn message
5    [main] ERROR factors.PrintFactors  - Sample error message
5    [main] FATAL factors.PrintFactors  - Sample fatal message
0    [main] DEBUG factors.PrintFactors  - Sample debug message
4    [main] INFO  factors.PrintFactors  - Sample info message
5    [main] WARN  factors.PrintFactors  - Sample warn message
5    [main] ERROR factors.PrintFactors  - Sample error message
6    [main] FATAL factors.PrintFactors  - Sample fatal message
7    [main] INFO  factors.PrintFactors  - PrintFactors is executing
0    [main] DEBUG factors.PrintFactors  - Sample debug message
5    [main] INFO  factors.PrintFactors  - Sample info message
5    [main] WARN  factors.PrintFactors  - Sample warn message
6    [main] ERROR factors.PrintFactors  - Sample error message
6    [main] FATAL factors.PrintFactors  - Sample fatal message
6    [main] INFO  factors.PrintFactors  - PrintFactors is executing
0    [main] INFO  factors.PrintFactors  - PrintFactors is executing
0    [main] INFO  factors.PrintFactors  - PrintFactors is executing
0    [main] INFO  factors.PrintFactors  - PrintFactors is executing
0    [main] DEBUG factors.PrintFactors  - Sample debug message
4    [main] INFO  factors.PrintFactors  - Sample info message
5    [main] WARN  factors.PrintFactors  - Sample warn message
5    [main] ERROR factors.PrintFactors  - Sample error message
6    [main] FATAL factors.PrintFactors  - Sample fatal message
6    [main] INFO  factors.PrintFactors  - PrintFactors is executing
0    [main] INFO  factors.PrintFactors  - PrintFactors is executing
0    [main] INFO  factors.PrintFactors  - PrintFactors is executing
0    [main] INFO  factors.PrintFactors  - PrintFactors is executing
1    [main] INFO  factors.PrintFactors  - PrintFactors is executing
0    [main] INFO  factors.PrintFactors  - PrintFactors is executing
0    [main] INFO  factors.PrintFactors  - PrintFactors is executing
0    [main] INFO  factors.PrintFactors  - PrintFactors is executing
0    [main] INFO  factors.PrintFactors  - PrintFactors is executing
0    [main] INFO  factors.PrintFactors  - PrintFactors is executing
0    [main] INFO  factors.PrintFactors  - PrintFactors is executing
0    [main] INFO  factors.PrintFactors  - PrintFactors is executing
0    [main] INFO  factors.PrintFactors  - PrintFactors is executing
0    [main] INFO  factors.PrintFactors  - PrintFactors is executing
0    [main] INFO  factors.PrintFactors  - PrintFactors is executing
0    [main] INFO  factors.PrintFactors  - PrintFactors is executing
0    [main] INFO  factors.PrintFactors  - PrintFactors is executing
0    [main] INFO  factors.PrintFactors  - PrintFactors is executing
0    [main] INFO  factors.PrintFactors  - PrintFactors is executing
0    [main] INFO  factors.PrintFactors  - PrintFactors is executing
0    [main] INFO  factors.PrintFactors  - PrintFactors is executing
0    [main] INFO  factors.PrintFactors  - PrintFactors is executing
0    [main] INFO  factors.PrintFactors  - PrintFactors is executing
0    [main] INFO  factors.PrintFactors  - PrintFactors is executing
0    [main] INFO  factors.PrintFactors  - PrintFactors is executing
0    [main] INFO  factors.PrintFactors  - PrintFactors is executing
0    [main] INFO  factors.PrintFactors  - PrintFactors is executing
0    [main] INFO  factors.PrintFactors  - PrintFactors is executing
0    [main] INFO  factors.PrintFactors  - PrintFactors is executing
0    [main] INFO  factors.PrintFactors  - PrintFactors is executing
0    [main] INFO  factors.PrintFactors  - PrintFactors is executing
0    [main] INFO  factors.PrintFactors  - PrintFactors is executing
0    [main] INFO  factors.PrintFactors  - PrintFactors is executing
0    [main] INFO  factors.PrintFactors  - PrintFactors is executing
0    [main] INFO  factors.PrintFactors  - PrintFactors is executing
0    [main] INFO  factors.PrintFactors  - PrintFactors is executing
0    [main] INFO  factors.PrintFactors  - PrintFactors is executing
0    [main] INFO  factors.PrintFactors  - PrintFactors is executing
0    [main] INFO  factors.PrintFactors  - PrintFactors is executing
0    [main] INFO  factors.PrintFactors  - PrintFactors is executing
0    [main] INFO  factors.PrintFactors  - PrintFactors is executing
0    [main] INFO  factors.PrintFactors  - PrintFactors is executing
0    [main] INFO  factors.PrintFactors  - PrintFactors is executing
0    [main] INFO  factors.PrintFactors  - PrintFactors is executing
0    [main] INFO  factors.PrintFactors  - PrintFactors is executing
0    [main] INFO  factors.PrintFactors  - PrintFactors is executing
0    [main] INFO  factors.PrintFactors  - PrintFactors is executing
0    [main] INFO  factors.PrintFactors  - PrintFactors is executing
0    [main] INFO  factors.PrintFactors  - PrintFactors is executing
0    [main] INFO  factors.PrintFactors  - PrintFactors is executing
0    [main] INFO  factors.PrintFactors  - PrintFactors is executing
0    [main] INFO  factors.PrintFactors  - PrintFactors is executing
0    [main] INFO  factors.PrintFactors  - PrintFactors is executing
0    [main] INFO  factors.PrintFactors  - PrintFactors is executing
0    [main] INFO  factors.PrintFactors  - PrintFactors is executing
0    [main] INFO  factors.PrintFactors  - PrintFactors is executing
0    [main] INFO  factors.PrintFactors  - PrintFactors is executing
0    [main] INFO  factors.PrintFactors  - PrintFactors is executing
0    [main] INFO  factors.PrintFactors  - PrintFactors is executing
0    [main] INFO  factors.PrintFactors  - PrintFactors is executing
0    [main] INFO  factors.PrintFactors  - PrintFactors is executing
0    [main] INFO  factors.PrintFactors  - PrintFactors is executing
0    [main] INFO  factors.PrintFactors  - PrintFactors is executing
0    [main] INFO  factors.PrintFactors  - PrintFactors is executing
0    [main] INFO  factors.PrintFactors  - PrintFactors is executing
0    [main] INFO  factors.PrintFactors  - PrintFactors is executing
0    [main] INFO  factors.PrintFactors  - PrintFactors is executing
0    [main] INFO  factors.PrintFactors  - PrintFactors is executing
1    [main] INFO  factors.PrintFactors  - PrintFactors is executing
0    [main] INFO  factors.PrintFactors  - PrintFactors is executing
0    [main] INFO  factors.PrintFactors  - PrintFactors is executing
0    [main] INFO  factors.PrintFactors  - PrintFactors is executing
1    [main] INFO  factors.PrintFactors  - PrintFactors is executing
0    [main] INFO  factors.PrintFactors  - PrintFactors is executing
0    [main] INFO  factors.PrintFactors  - PrintFactors is executing
0    [main] INFO  factors.PrintFactors  - PrintFactors is executing
0    [main] INFO  factors.PrintFactors  - PrintFactors is executing
0    [main] INFO  factors.PrintFactors  - PrintFactors is executing
0    [main] INFO  factors.PrintFactors  - PrintFactors is executing
0    [main] INFO  factors.PrintFactors  - PrintFactors is executing
0    [main] INFO  factors.PrintFactors  - PrintFactors is executing
0    [main] INFO  factors.PrintFactors  - PrintFactors is executing
0    [main] INFO  factors.PrintFactors  - PrintFactors is executing
0    [main] INFO  factors.PrintFactors  - PrintFactors is executing
0    [main] INFO  factors.PrintFactors  - PrintFactors is executing
0    [main] INFO  factors.PrintFactors  - PrintFactors is executing
0    [main] INFO  factors.PrintFactors  - PrintFactors is executing
0    [main] INFO  factors.PrintFactors  - PrintFactors is executing
0    [main] INFO  factors.PrintFactors  - PrintFactors is executing
0    [main] INFO  factors.PrintFactors  - PrintFactors is executing
0    [main] INFO  factors.PrintFactors  - PrintFactors is executing
0    [main] INFO  factors.PrintFactors  - PrintFactors is executing
0    [main] INFO  factors.PrintFactors  - PrintFactors is executing
0    [main] INFO  factors.PrintFactors  - PrintFactors is executing
0    [main] INFO  factors.PrintFactors  - PrintFactors is executing
0    [main] INFO  factors.PrintFactors  - PrintFactors is executing
0    [main] INFO  factors.PrintFactors  - PrintFactors is executing
0    [main] INFO  factors.PrintFactors  - PrintFactors is executing
1    [main] INFO  factors.PrintFactors  - PrintFactors is executing
0    [main] INFO  factors.PrintFactors  - PrintFactors is executing
0    [main] INFO  factors.PrintFactors  - PrintFactors is executing
10   [main] INFO  factors.PrintFactors  - PrintFactors is executing
0    [main] INFO  factors.PrintFactors  - PrintFactors is executing
0    [main] INFO  factors.PrintFactors  - PrintFactors is executing
0    [main] INFO  factors.PrintFactors  - PrintFactors is executing
0    [main] INFO  factors.PrintFactors  - PrintFactors is executing
0    [main] INFO  factors.PrintFactors  - PrintFactors is executing
0    [main] INFO  factors.PrintFactors  - PrintFactors is executing
0    [main] INFO  factors.PrintFactors  - PrintFactors is executing
1    [main] INFO  factors.PrintFactors  - PrintFactors is executing
0    [main] INFO  factors.PrintFactors  - PrintFactors is executing
0    [main] INFO  factors.PrintFactors  - PrintFactors is executing
0    [main] INFO  factors.PrintFactors  - PrintFactors is executing
0    [main] INFO  factors.PrintFactors  - PrintFactors is executing
0    [main] INFO  factors.PrintFactors  - PrintFactors is executing
0    [main] INFO  factors.PrintFactors  - PrintFactors is executing
0    [main] INFO  factors.PrintFactors  - PrintFactors is executing
0    [main] INFO  factors.PrintFactors  - PrintFactors is executing
0    [main] INFO  factors.PrintFactors  - PrintFactors is executing
0    [main] INFO  factors.PrintFactors  - PrintFactors is executing
0    [main] INFO  factors.PrintFactors  - PrintFactors is executing
0    [main] INFO  factors.PrintFactors  - PrintFactors is executing
0    [main] INFO  factors.PrintFactors  - PrintFactors is executing
0    [main] INFO  factors.PrintFactors  - PrintFactors is executing
0    [main] INFO  factors.PrintFactors  - PrintFactors is executing
0    [main] INFO  factors.PrintFactors  - PrintFactors is executing
0    [main] INFO  factors.PrintFactors  - PrintFactors is executing
0    [main] INFO  factors.PrintFactors  - PrintFactors is executing
0    [main] INFO  factors.PrintFactors  - PrintFactors is executing
0    [main] INFO  factors.PrintFactors  - PrintFactors is executing
0    [main] INFO  factors.PrintFactors  - PrintFactors is executing
0    [main] INFO  factors.PrintFactors  - PrintFactors is executing
0    [main] INFO  factors.PrintFactors  - PrintFactors is executing
0    [main] INFO  factors.PrintFactors  - PrintFactors is executing
0    [main] INFO  factors.PrintFactors  - PrintFactors is executing
0    [main] INFO  factors.PrintFactors  - PrintFactors is executing
0    [main] INFO  factors.PrintFactors  - PrintFactors is executing
0    [main] INFO  factors.PrintFactors  - PrintFactors is executing
0    [main] INFO  factors.PrintFactors  - PrintFactors is executing
0    [main] INFO  factors.PrintFactors  - PrintFactors is executing
0    [main] INFO  factors.PrintFactors  - PrintFactors is executing
0    [main] INFO  factors.PrintFactors  - PrintFactors is executing
0    [main] INFO  factors.PrintFactors  - PrintFactors is executing
0    [main] INFO  factors.PrintFactors  - PrintFactors is executing
0    [main] INFO  factors.PrintFactors  - PrintFactors is executing
0    [main] INFO  factors.PrintFactors  - PrintFactors is executing
0    [main] INFO  factors.PrintFactors  - PrintFactors is executing
0    [main] INFO  factors.PrintFactors  - PrintFactors is executing
0    [main] INFO  factors.PrintFactors  - PrintFactors is executing
0    [main] INFO  factors.PrintFactors  - PrintFactors is executing
0    [main] INFO  factors.PrintFactors  - PrintFactors is executing
0    [main] INFO  factors.PrintFactors  - PrintFactors is executing
0    [main] INFO  factors.PrintFactors  - PrintFactors is executing
0    [main] INFO  factors.PrintFactors  - PrintFactors is executing
1    [main] INFO  factors.PrintFactors  - PrintFactors is executing
0    [main] INFO  factors.PrintFactors  - PrintFactors is executing
0    [main] INFO  factors.PrintFactors  - PrintFactors is executing
0    [main] INFO  factors.PrintFactors  - PrintFactors is executing
0    [main] INFO  factors.PrintFactors  - PrintFactors is executing
0    [main] INFO  factors.PrintFactors  - PrintFactors is executing
0    [main] INFO  factors.PrintFactors  - PrintFactors is executing
0    [main] INFO  factors.PrintFactors  - PrintFactors is executing
0    [main] INFO  factors.PrintFactors  - PrintFactors is executing
0    [main] INFO  factors.PrintFactors  - PrintFactors is executing
0    [main] INFO  factors.PrintFactors  - PrintFactors is executing
0    [main] INFO  factors.PrintFactors  - PrintFactors is executing
0    [main] INFO  factors.PrintFactors  - PrintFactors is executing
0    [main] INFO  factors.PrintFactors  - PrintFactors is executing
0    [main] INFO  factors.PrintFactors  - PrintFactors is executing
0    [main] INFO  factors.PrintFactors  - PrintFactors is executing
0    [main] INFO  factors.PrintFactors  - PrintFactors is executing
0    [main] INFO  factors.PrintFactors  - PrintFactors is executing
0    [main] INFO  factors.PrintFactors  - PrintFactors is executing
0    [main] INFO  factors.PrintFactors  - PrintFactors is executing
0    [main] INFO  factors.PrintFactors  - PrintFactors is executing
0    [main] INFO  factors.PrintFactors  - PrintFactors is executing
0    [main] INFO  factors.PrintFactors  - PrintFactors is executing
0    [main] INFO  factors.PrintFactors  - PrintFactors is executing
0    [main] INFO  factors.PrintFactors  - PrintFactors is executing
0    [main] INFO  factors.PrintFactors  - PrintFactors is executing
1    [main] INFO  factors.PrintFactors  - PrintFactors is executing
0    [main] INFO  factors.PrintFactors  - PrintFactors is executing
0    [main] INFO  factors.PrintFactors  - PrintFactors is executing
0    [main] INFO  factors.PrintFactors  - PrintFactors is executing
0    [main] INFO  factors.PrintFactors  - PrintFactors is executing
0    [main] INFO  factors.PrintFactors  - PrintFactors is executing
0    [main] INFO  factors.PrintFactors  - PrintFactors is executing
0    [main] INFO  factors.PrintFactors  - PrintFactors is executing
0    [main] INFO  factors.PrintFactors  - PrintFactors is executing
0    [main] INFO  factors.PrintFactors  - PrintFactors is executing
0    [main] INFO  factors.PrintFactors  - PrintFactors is executing
0    [main] INFO  factors.PrintFactors  - PrintFactors is executing
0    [main] INFO  factors.PrintFactors  - PrintFactors is executing
0    [main] INFO  factors.PrintFactors  - PrintFactors is executing
0    [main] INFO  factors.PrintFactors  - PrintFactors is executing
0    [main] INFO  factors.PrintFactors  - PrintFactors is executing
0    [main] INFO  factors.PrintFactors  - PrintFactors is executing
0    [main] INFO  factors.PrintFactors  - PrintFactors is executing
0    [main] INFO  factors.PrintFactors  - PrintFactors is executing
0    [main] INFO  factors.PrintFactors  - PrintFactors is executing
0    [main] INFO  factors.PrintFactors  - PrintFactors is executing
0    [main] INFO  factors.PrintFactors  - PrintFactors is executing
0    [main] INFO  factors.PrintFactors  - PrintFactors is executing
0    [main] INFO  factors.PrintFactors  - PrintFactors is executing
0    [main] INFO  factors.PrintFactors  - PrintFactors is executing
0    [main] INFO  factors.PrintFactors  - PrintFactors is executing
0    [main] INFO  factors.PrintFactors  - PrintFactors is executing
0    [main] INFO  factors.PrintFactors  - PrintFactors is executing
1    [main] INFO  factors.PrintFactors  - PrintFactors is executing
0    [main] INFO  factors.PrintFactors  - PrintFactors is executing
0    [main] INFO  factors.PrintFactors  - PrintFactors is executing
0    [main] INFO  factors.PrintFactors  - PrintFactors is executing
0    [main] INFO  factors.PrintFactors  - PrintFactors is executing
0    [main] INFO  factors.PrintFactors  - PrintFactors is executing
0    [main] INFO  factors.PrintFactors  - PrintFactors is executing
